DEB [20210120-23:46:12.229] thr=1   paramiko.transport: starting thread (client mode): 0x84d86608
DEB [20210120-23:46:12.245] thr=1   paramiko.transport: Local version/idstring: SSH-2.0-paramiko_2.7.1
DEB [20210120-23:46:12.260] thr=1   paramiko.transport: Remote version/idstring: SSH-1.99-Cisco-1.25
INF [20210120-23:46:12.260] thr=1   paramiko.transport: Connected (version 1.99, client Cisco-1.25)
DEB [20210120-23:46:12.260] thr=1   paramiko.transport: kex algos:['diffie-hellman-group-exchange-sha1', 'diffie-hellman-group14-sha1', 'diffie-hellman-group1-sha1'] server key:['ssh-rsa'] client encrypt:['aes128-cbc', '3des-cbc', 'aes192-cbc', 'aes256-cbc'] server encrypt:['aes128-cbc', '3des-cbc', 'aes192-cbc', 'aes256-cbc'] client mac:['hmac-sha1', 'hmac-sha1-96', 'hmac-md5', 'hmac-md5-96'] server mac:['hmac-sha1', 'hmac-sha1-96', 'hmac-md5', 'hmac-md5-96'] client compress:['none'] server compress:['none'] client lang:[''] server lang:[''] kex follows?False
DEB [20210120-23:46:12.276] thr=1   paramiko.transport: Kex agreed: diffie-hellman-group-exchange-sha1
DEB [20210120-23:46:12.276] thr=1   paramiko.transport: HostKey agreed: ssh-rsa
DEB [20210120-23:46:12.276] thr=1   paramiko.transport: Cipher agreed: aes128-cbc
DEB [20210120-23:46:12.276] thr=1   paramiko.transport: MAC agreed: hmac-sha1
DEB [20210120-23:46:12.291] thr=1   paramiko.transport: Compression agreed: none
DEB [20210120-23:46:12.492] thr=1   paramiko.transport: Got server p (2048 bits)
DEB [20210120-23:46:12.863] thr=1   paramiko.transport: kex engine KexGex specified hash_algo <built-in function openssl_sha1>
DEB [20210120-23:46:12.863] thr=1   paramiko.transport: Switch to new keys ...
DEB [20210120-23:46:12.863] thr=2   paramiko.transport: Adding ssh-rsa host key for 172.19.1.251: b'5288b4eb6c8c5af0122644fa9a72387f'
DEB [20210120-23:46:13.064] thr=1   paramiko.transport: userauth is OK
INF [20210120-23:46:13.117] thr=1   paramiko.transport: Authentication (password) successful!
DEB [20210120-23:46:13.117] thr=2   paramiko.transport: [chan 0] Max packet in: 32768 bytes
DEB [20210120-23:46:13.133] thr=1   paramiko.transport: [chan 0] Max packet out: 4096 bytes
DEB [20210120-23:46:13.133] thr=1   paramiko.transport: Secsh channel 0 opened.
DEB [20210120-23:46:13.148] thr=1   paramiko.transport: [chan 0] Sesch channel 0 request ok
DEB [20210120-23:46:13.164] thr=1   paramiko.transport: [chan 0] Sesch channel 0 request ok
DEB [20210120-23:46:13.551] thr=1   paramiko.transport: EOF in transport thread
DEB [20210120-23:46:34.604] thr=3   paramiko.transport: starting thread (client mode): 0x863add48
DEB [20210120-23:46:34.620] thr=3   paramiko.transport: Local version/idstring: SSH-2.0-paramiko_2.7.1
DEB [20210120-23:46:34.620] thr=3   paramiko.transport: Remote version/idstring: SSH-1.99-Cisco-1.25
INF [20210120-23:46:34.620] thr=3   paramiko.transport: Connected (version 1.99, client Cisco-1.25)
DEB [20210120-23:46:34.620] thr=3   paramiko.transport: kex algos:['diffie-hellman-group-exchange-sha1', 'diffie-hellman-group14-sha1', 'diffie-hellman-group1-sha1'] server key:['ssh-rsa'] client encrypt:['aes128-cbc', '3des-cbc', 'aes192-cbc', 'aes256-cbc'] server encrypt:['aes128-cbc', '3des-cbc', 'aes192-cbc', 'aes256-cbc'] client mac:['hmac-sha1', 'hmac-sha1-96', 'hmac-md5', 'hmac-md5-96'] server mac:['hmac-sha1', 'hmac-sha1-96', 'hmac-md5', 'hmac-md5-96'] client compress:['none'] server compress:['none'] client lang:[''] server lang:[''] kex follows?False
DEB [20210120-23:46:34.635] thr=3   paramiko.transport: Kex agreed: diffie-hellman-group-exchange-sha1
DEB [20210120-23:46:34.635] thr=3   paramiko.transport: HostKey agreed: ssh-rsa
DEB [20210120-23:46:34.635] thr=3   paramiko.transport: Cipher agreed: aes128-cbc
DEB [20210120-23:46:34.635] thr=3   paramiko.transport: MAC agreed: hmac-sha1
DEB [20210120-23:46:34.635] thr=3   paramiko.transport: Compression agreed: none
DEB [20210120-23:46:34.836] thr=3   paramiko.transport: Got server p (2048 bits)
DEB [20210120-23:46:35.138] thr=3   paramiko.transport: kex engine KexGex specified hash_algo <built-in function openssl_sha1>
DEB [20210120-23:46:35.154] thr=3   paramiko.transport: Switch to new keys ...
DEB [20210120-23:46:35.154] thr=2   paramiko.transport: Adding ssh-rsa host key for 172.19.1.251: b'5288b4eb6c8c5af0122644fa9a72387f'
DEB [20210120-23:46:35.354] thr=3   paramiko.transport: userauth is OK
INF [20210120-23:46:35.376] thr=3   paramiko.transport: Authentication (password) successful!
DEB [20210120-23:46:35.392] thr=2   paramiko.transport: [chan 0] Max packet in: 32768 bytes
DEB [20210120-23:46:35.408] thr=3   paramiko.transport: [chan 0] Max packet out: 4096 bytes
DEB [20210120-23:46:35.408] thr=3   paramiko.transport: Secsh channel 0 opened.
DEB [20210120-23:46:35.423] thr=3   paramiko.transport: [chan 0] Sesch channel 0 request ok
DEB [20210120-23:46:35.439] thr=3   paramiko.transport: [chan 0] Sesch channel 0 request ok
DEB [20210120-23:46:35.524] thr=3   paramiko.transport: EOF in transport thread
2021-01-20 23:46:56.563929 : Unable to connected to the following hosts on port 22:172.19.1.25
DEB [20210120-23:52:19.416] thr=4   paramiko.transport: starting thread (client mode): 0x863ce808
DEB [20210120-23:52:19.448] thr=4   paramiko.transport: Local version/idstring: SSH-2.0-paramiko_2.7.1
DEB [20210120-23:52:19.448] thr=4   paramiko.transport: Remote version/idstring: SSH-1.99-Cisco-1.25
INF [20210120-23:52:19.448] thr=4   paramiko.transport: Connected (version 1.99, client Cisco-1.25)
DEB [20210120-23:52:19.448] thr=4   paramiko.transport: kex algos:['diffie-hellman-group-exchange-sha1', 'diffie-hellman-group14-sha1', 'diffie-hellman-group1-sha1'] server key:['ssh-rsa'] client encrypt:['aes128-cbc', '3des-cbc', 'aes192-cbc', 'aes256-cbc'] server encrypt:['aes128-cbc', '3des-cbc', 'aes192-cbc', 'aes256-cbc'] client mac:['hmac-sha1', 'hmac-sha1-96', 'hmac-md5', 'hmac-md5-96'] server mac:['hmac-sha1', 'hmac-sha1-96', 'hmac-md5', 'hmac-md5-96'] client compress:['none'] server compress:['none'] client lang:[''] server lang:[''] kex follows?False
DEB [20210120-23:52:19.464] thr=4   paramiko.transport: Kex agreed: diffie-hellman-group-exchange-sha1
DEB [20210120-23:52:19.464] thr=4   paramiko.transport: HostKey agreed: ssh-rsa
DEB [20210120-23:52:19.464] thr=4   paramiko.transport: Cipher agreed: aes128-cbc
DEB [20210120-23:52:19.479] thr=4   paramiko.transport: MAC agreed: hmac-sha1
DEB [20210120-23:52:19.479] thr=4   paramiko.transport: Compression agreed: none
DEB [20210120-23:52:19.679] thr=4   paramiko.transport: Got server p (2048 bits)
DEB [20210120-23:52:20.096] thr=4   paramiko.transport: kex engine KexGex specified hash_algo <built-in function openssl_sha1>
DEB [20210120-23:52:20.112] thr=4   paramiko.transport: Switch to new keys ...
DEB [20210120-23:52:20.127] thr=2   paramiko.transport: Adding ssh-rsa host key for 172.19.1.251: b'5288b4eb6c8c5af0122644fa9a72387f'
DEB [20210120-23:52:20.348] thr=4   paramiko.transport: userauth is OK
INF [20210120-23:52:20.464] thr=4   paramiko.transport: Authentication (password) successful!
DEB [20210120-23:52:20.476] thr=2   paramiko.transport: [chan 0] Max packet in: 32768 bytes
DEB [20210120-23:52:20.516] thr=4   paramiko.transport: [chan 0] Max packet out: 4096 bytes
DEB [20210120-23:52:20.516] thr=4   paramiko.transport: Secsh channel 0 opened.
DEB [20210120-23:52:20.564] thr=4   paramiko.transport: [chan 0] Sesch channel 0 request ok
DEB [20210120-23:52:20.564] thr=4   paramiko.transport: [chan 0] Sesch channel 0 request ok
DEB [20210120-23:52:20.865] thr=4   paramiko.transport: EOF in transport thread
DEB [20210120-23:52:41.934] thr=5   paramiko.transport: starting thread (client mode): 0x863ce788
DEB [20210120-23:52:41.950] thr=5   paramiko.transport: Local version/idstring: SSH-2.0-paramiko_2.7.1
DEB [20210120-23:52:41.950] thr=5   paramiko.transport: Remote version/idstring: SSH-1.99-Cisco-1.25
INF [20210120-23:52:41.950] thr=5   paramiko.transport: Connected (version 1.99, client Cisco-1.25)
DEB [20210120-23:52:41.966] thr=5   paramiko.transport: kex algos:['diffie-hellman-group-exchange-sha1', 'diffie-hellman-group14-sha1', 'diffie-hellman-group1-sha1'] server key:['ssh-rsa'] client encrypt:['aes128-cbc', '3des-cbc', 'aes192-cbc', 'aes256-cbc'] server encrypt:['aes128-cbc', '3des-cbc', 'aes192-cbc', 'aes256-cbc'] client mac:['hmac-sha1', 'hmac-sha1-96', 'hmac-md5', 'hmac-md5-96'] server mac:['hmac-sha1', 'hmac-sha1-96', 'hmac-md5', 'hmac-md5-96'] client compress:['none'] server compress:['none'] client lang:[''] server lang:[''] kex follows?False
DEB [20210120-23:52:41.966] thr=5   paramiko.transport: Kex agreed: diffie-hellman-group-exchange-sha1
DEB [20210120-23:52:41.966] thr=5   paramiko.transport: HostKey agreed: ssh-rsa
DEB [20210120-23:52:41.982] thr=5   paramiko.transport: Cipher agreed: aes128-cbc
DEB [20210120-23:52:41.982] thr=5   paramiko.transport: MAC agreed: hmac-sha1
DEB [20210120-23:52:41.982] thr=5   paramiko.transport: Compression agreed: none
DEB [20210120-23:52:42.182] thr=5   paramiko.transport: Got server p (2048 bits)
DEB [20210120-23:52:42.499] thr=5   paramiko.transport: kex engine KexGex specified hash_algo <built-in function openssl_sha1>
DEB [20210120-23:52:42.514] thr=5   paramiko.transport: Switch to new keys ...
DEB [20210120-23:52:42.514] thr=2   paramiko.transport: Adding ssh-rsa host key for 172.19.1.251: b'5288b4eb6c8c5af0122644fa9a72387f'
DEB [20210120-23:52:42.730] thr=5   paramiko.transport: userauth is OK
INF [20210120-23:52:42.753] thr=5   paramiko.transport: Authentication (password) successful!
DEB [20210120-23:52:42.753] thr=2   paramiko.transport: [chan 0] Max packet in: 32768 bytes
DEB [20210120-23:52:42.768] thr=5   paramiko.transport: [chan 0] Max packet out: 4096 bytes
DEB [20210120-23:52:42.784] thr=5   paramiko.transport: Secsh channel 0 opened.
DEB [20210120-23:52:42.800] thr=5   paramiko.transport: [chan 0] Sesch channel 0 request ok
DEB [20210120-23:52:42.800] thr=5   paramiko.transport: [chan 0] Sesch channel 0 request ok
DEB [20210120-23:52:42.884] thr=5   paramiko.transport: EOF in transport thread
2021-01-20 23:53:03.934106 : Unable to connected to the following hosts on port 22:172.19.1.25
DEB [20210120-23:59:03.933] thr=6   paramiko.transport: starting thread (client mode): 0x863d3908
DEB [20210120-23:59:03.957] thr=6   paramiko.transport: Local version/idstring: SSH-2.0-paramiko_2.7.1
DEB [20210120-23:59:03.969] thr=6   paramiko.transport: Remote version/idstring: SSH-1.99-Cisco-1.25
INF [20210120-23:59:03.969] thr=6   paramiko.transport: Connected (version 1.99, client Cisco-1.25)
DEB [20210120-23:59:03.980] thr=6   paramiko.transport: kex algos:['diffie-hellman-group-exchange-sha1', 'diffie-hellman-group14-sha1', 'diffie-hellman-group1-sha1'] server key:['ssh-rsa'] client encrypt:['aes128-cbc', '3des-cbc', 'aes192-cbc', 'aes256-cbc'] server encrypt:['aes128-cbc', '3des-cbc', 'aes192-cbc', 'aes256-cbc'] client mac:['hmac-sha1', 'hmac-sha1-96', 'hmac-md5', 'hmac-md5-96'] server mac:['hmac-sha1', 'hmac-sha1-96', 'hmac-md5', 'hmac-md5-96'] client compress:['none'] server compress:['none'] client lang:[''] server lang:[''] kex follows?False
DEB [20210120-23:59:03.992] thr=6   paramiko.transport: Kex agreed: diffie-hellman-group-exchange-sha1
DEB [20210120-23:59:03.992] thr=6   paramiko.transport: HostKey agreed: ssh-rsa
DEB [20210120-23:59:04.001] thr=6   paramiko.transport: Cipher agreed: aes128-cbc
DEB [20210120-23:59:04.004] thr=6   paramiko.transport: MAC agreed: hmac-sha1
DEB [20210120-23:59:04.004] thr=6   paramiko.transport: Compression agreed: none
DEB [20210120-23:59:04.249] thr=6   paramiko.transport: Got server p (2048 bits)
DEB [20210120-23:59:04.827] thr=6   paramiko.transport: kex engine KexGex specified hash_algo <built-in function openssl_sha1>
DEB [20210120-23:59:04.843] thr=6   paramiko.transport: Switch to new keys ...
DEB [20210120-23:59:04.849] thr=2   paramiko.transport: Adding ssh-rsa host key for 172.19.1.251: b'5288b4eb6c8c5af0122644fa9a72387f'
DEB [20210120-23:59:05.051] thr=6   paramiko.transport: userauth is OK
INF [20210120-23:59:05.172] thr=6   paramiko.transport: Authentication (password) successful!
DEB [20210120-23:59:05.172] thr=2   paramiko.transport: [chan 0] Max packet in: 32768 bytes
DEB [20210120-23:59:05.250] thr=6   paramiko.transport: [chan 0] Max packet out: 4096 bytes
DEB [20210120-23:59:05.256] thr=6   paramiko.transport: Secsh channel 0 opened.
DEB [20210120-23:59:05.289] thr=6   paramiko.transport: [chan 0] Sesch channel 0 request ok
DEB [20210120-23:59:05.304] thr=6   paramiko.transport: [chan 0] Sesch channel 0 request ok
DEB [20210120-23:59:05.723] thr=6   paramiko.transport: EOF in transport thread
DEB [20210120-23:59:26.827] thr=7   paramiko.transport: starting thread (client mode): 0x863e5808
DEB [20210120-23:59:26.827] thr=7   paramiko.transport: Local version/idstring: SSH-2.0-paramiko_2.7.1
DEB [20210120-23:59:26.843] thr=7   paramiko.transport: Remote version/idstring: SSH-1.99-Cisco-1.25
INF [20210120-23:59:26.843] thr=7   paramiko.transport: Connected (version 1.99, client Cisco-1.25)
DEB [20210120-23:59:26.843] thr=7   paramiko.transport: kex algos:['diffie-hellman-group-exchange-sha1', 'diffie-hellman-group14-sha1', 'diffie-hellman-group1-sha1'] server key:['ssh-rsa'] client encrypt:['aes128-cbc', '3des-cbc', 'aes192-cbc', 'aes256-cbc'] server encrypt:['aes128-cbc', '3des-cbc', 'aes192-cbc', 'aes256-cbc'] client mac:['hmac-sha1', 'hmac-sha1-96', 'hmac-md5', 'hmac-md5-96'] server mac:['hmac-sha1', 'hmac-sha1-96', 'hmac-md5', 'hmac-md5-96'] client compress:['none'] server compress:['none'] client lang:[''] server lang:[''] kex follows?False
DEB [20210120-23:59:26.858] thr=7   paramiko.transport: Kex agreed: diffie-hellman-group-exchange-sha1
DEB [20210120-23:59:26.865] thr=7   paramiko.transport: HostKey agreed: ssh-rsa
DEB [20210120-23:59:26.865] thr=7   paramiko.transport: Cipher agreed: aes128-cbc
DEB [20210120-23:59:26.865] thr=7   paramiko.transport: MAC agreed: hmac-sha1
DEB [20210120-23:59:26.865] thr=7   paramiko.transport: Compression agreed: none
DEB [20210120-23:59:27.066] thr=7   paramiko.transport: Got server p (2048 bits)
DEB [20210120-23:59:27.516] thr=7   paramiko.transport: kex engine KexGex specified hash_algo <built-in function openssl_sha1>
DEB [20210120-23:59:27.516] thr=7   paramiko.transport: Switch to new keys ...
DEB [20210120-23:59:27.516] thr=2   paramiko.transport: Adding ssh-rsa host key for 172.19.1.251: b'5288b4eb6c8c5af0122644fa9a72387f'
DEB [20210120-23:59:27.732] thr=7   paramiko.transport: userauth is OK
INF [20210120-23:59:27.748] thr=7   paramiko.transport: Authentication (password) successful!
DEB [20210120-23:59:27.748] thr=2   paramiko.transport: [chan 0] Max packet in: 32768 bytes
DEB [20210120-23:59:27.770] thr=7   paramiko.transport: [chan 0] Max packet out: 4096 bytes
DEB [20210120-23:59:27.770] thr=7   paramiko.transport: Secsh channel 0 opened.
DEB [20210120-23:59:27.786] thr=7   paramiko.transport: [chan 0] Sesch channel 0 request ok
DEB [20210120-23:59:27.802] thr=7   paramiko.transport: [chan 0] Sesch channel 0 request ok
DEB [20210120-23:59:27.918] thr=7   paramiko.transport: EOF in transport thread
2021-01-20 23:59:49.002457 : Unable to connected to the following hosts on port 22:172.19.1.25
DEB [20210121-00:08:57.035] thr=8   paramiko.transport: starting thread (client mode): 0x85f1a848
DEB [20210121-00:08:57.047] thr=8   paramiko.transport: Local version/idstring: SSH-2.0-paramiko_2.7.1
DEB [20210121-00:08:57.070] thr=8   paramiko.transport: Remote version/idstring: SSH-1.99-Cisco-1.25
INF [20210121-00:08:57.070] thr=8   paramiko.transport: Connected (version 1.99, client Cisco-1.25)
DEB [20210121-00:08:57.081] thr=8   paramiko.transport: kex algos:['diffie-hellman-group-exchange-sha1', 'diffie-hellman-group14-sha1', 'diffie-hellman-group1-sha1'] server key:['ssh-rsa'] client encrypt:['aes128-cbc', '3des-cbc', 'aes192-cbc', 'aes256-cbc'] server encrypt:['aes128-cbc', '3des-cbc', 'aes192-cbc', 'aes256-cbc'] client mac:['hmac-sha1', 'hmac-sha1-96', 'hmac-md5', 'hmac-md5-96'] server mac:['hmac-sha1', 'hmac-sha1-96', 'hmac-md5', 'hmac-md5-96'] client compress:['none'] server compress:['none'] client lang:[''] server lang:[''] kex follows?False
DEB [20210121-00:08:57.092] thr=8   paramiko.transport: Kex agreed: diffie-hellman-group-exchange-sha1
DEB [20210121-00:08:57.092] thr=8   paramiko.transport: HostKey agreed: ssh-rsa
DEB [20210121-00:08:57.101] thr=8   paramiko.transport: Cipher agreed: aes128-cbc
DEB [20210121-00:08:57.104] thr=8   paramiko.transport: MAC agreed: hmac-sha1
DEB [20210121-00:08:57.104] thr=8   paramiko.transport: Compression agreed: none
DEB [20210121-00:08:57.302] thr=8   paramiko.transport: Got server p (2048 bits)
DEB [20210121-00:08:57.812] thr=8   paramiko.transport: kex engine KexGex specified hash_algo <built-in function openssl_sha1>
DEB [20210121-00:08:57.843] thr=8   paramiko.transport: Switch to new keys ...
DEB [20210121-00:08:57.861] thr=2   paramiko.transport: Adding ssh-rsa host key for 172.19.1.251: b'5288b4eb6c8c5af0122644fa9a72387f'
DEB [20210121-00:08:58.056] thr=8   paramiko.transport: userauth is OK
INF [20210121-00:08:58.157] thr=8   paramiko.transport: Authentication (password) successful!
DEB [20210121-00:08:58.157] thr=2   paramiko.transport: [chan 0] Max packet in: 32768 bytes
DEB [20210121-00:08:58.204] thr=8   paramiko.transport: [chan 0] Max packet out: 4096 bytes
DEB [20210121-00:08:58.204] thr=8   paramiko.transport: Secsh channel 0 opened.
DEB [20210121-00:08:58.241] thr=8   paramiko.transport: [chan 0] Sesch channel 0 request ok
DEB [20210121-00:08:58.257] thr=8   paramiko.transport: [chan 0] Sesch channel 0 request ok
DEB [20210121-00:08:58.590] thr=8   paramiko.transport: EOF in transport thread
DEB [20210121-00:09:19.658] thr=9   paramiko.transport: starting thread (client mode): 0x863e41c8
DEB [20210121-00:09:19.674] thr=9   paramiko.transport: Local version/idstring: SSH-2.0-paramiko_2.7.1
DEB [20210121-00:09:19.674] thr=9   paramiko.transport: Remote version/idstring: SSH-1.99-Cisco-1.25
INF [20210121-00:09:19.674] thr=9   paramiko.transport: Connected (version 1.99, client Cisco-1.25)
DEB [20210121-00:09:19.674] thr=9   paramiko.transport: kex algos:['diffie-hellman-group-exchange-sha1', 'diffie-hellman-group14-sha1', 'diffie-hellman-group1-sha1'] server key:['ssh-rsa'] client encrypt:['aes128-cbc', '3des-cbc', 'aes192-cbc', 'aes256-cbc'] server encrypt:['aes128-cbc', '3des-cbc', 'aes192-cbc', 'aes256-cbc'] client mac:['hmac-sha1', 'hmac-sha1-96', 'hmac-md5', 'hmac-md5-96'] server mac:['hmac-sha1', 'hmac-sha1-96', 'hmac-md5', 'hmac-md5-96'] client compress:['none'] server compress:['none'] client lang:[''] server lang:[''] kex follows?False
DEB [20210121-00:09:19.689] thr=9   paramiko.transport: Kex agreed: diffie-hellman-group-exchange-sha1
DEB [20210121-00:09:19.689] thr=9   paramiko.transport: HostKey agreed: ssh-rsa
DEB [20210121-00:09:19.689] thr=9   paramiko.transport: Cipher agreed: aes128-cbc
DEB [20210121-00:09:19.689] thr=9   paramiko.transport: MAC agreed: hmac-sha1
DEB [20210121-00:09:19.705] thr=9   paramiko.transport: Compression agreed: none
DEB [20210121-00:09:19.890] thr=9   paramiko.transport: Got server p (2048 bits)
DEB [20210121-00:09:20.326] thr=9   paramiko.transport: kex engine KexGex specified hash_algo <built-in function openssl_sha1>
DEB [20210121-00:09:20.326] thr=9   paramiko.transport: Switch to new keys ...
DEB [20210121-00:09:20.340] thr=2   paramiko.transport: Adding ssh-rsa host key for 172.19.1.251: b'5288b4eb6c8c5af0122644fa9a72387f'
DEB [20210121-00:09:20.542] thr=9   paramiko.transport: userauth is OK
INF [20210121-00:09:20.542] thr=9   paramiko.transport: Authentication (password) successful!
DEB [20210121-00:09:20.557] thr=2   paramiko.transport: [chan 0] Max packet in: 32768 bytes
DEB [20210121-00:09:20.564] thr=9   paramiko.transport: [chan 0] Max packet out: 4096 bytes
DEB [20210121-00:09:20.564] thr=9   paramiko.transport: Secsh channel 0 opened.
DEB [20210121-00:09:20.580] thr=9   paramiko.transport: [chan 0] Sesch channel 0 request ok
DEB [20210121-00:09:20.595] thr=9   paramiko.transport: [chan 0] Sesch channel 0 request ok
DEB [20210121-00:09:20.695] thr=9   paramiko.transport: EOF in transport thread
2021-01-21 00:09:41.764702 : Unable to connected to the following hosts on port 22:172.19.1.25
DEB [20210121-00:13:05.815] thr=10  paramiko.transport: starting thread (client mode): 0x863dd7c8
DEB [20210121-00:13:05.815] thr=10  paramiko.transport: Local version/idstring: SSH-2.0-paramiko_2.7.1
DEB [20210121-00:13:05.831] thr=10  paramiko.transport: Remote version/idstring: SSH-1.99-Cisco-1.25
INF [20210121-00:13:05.831] thr=10  paramiko.transport: Connected (version 1.99, client Cisco-1.25)
DEB [20210121-00:13:05.846] thr=10  paramiko.transport: kex algos:['diffie-hellman-group-exchange-sha1', 'diffie-hellman-group14-sha1', 'diffie-hellman-group1-sha1'] server key:['ssh-rsa'] client encrypt:['aes128-cbc', '3des-cbc', 'aes192-cbc', 'aes256-cbc'] server encrypt:['aes128-cbc', '3des-cbc', 'aes192-cbc', 'aes256-cbc'] client mac:['hmac-sha1', 'hmac-sha1-96', 'hmac-md5', 'hmac-md5-96'] server mac:['hmac-sha1', 'hmac-sha1-96', 'hmac-md5', 'hmac-md5-96'] client compress:['none'] server compress:['none'] client lang:[''] server lang:[''] kex follows?False
DEB [20210121-00:13:05.846] thr=10  paramiko.transport: Kex agreed: diffie-hellman-group-exchange-sha1
DEB [20210121-00:13:05.846] thr=10  paramiko.transport: HostKey agreed: ssh-rsa
DEB [20210121-00:13:05.862] thr=10  paramiko.transport: Cipher agreed: aes128-cbc
DEB [20210121-00:13:05.862] thr=10  paramiko.transport: MAC agreed: hmac-sha1
DEB [20210121-00:13:05.862] thr=10  paramiko.transport: Compression agreed: none
DEB [20210121-00:13:06.078] thr=10  paramiko.transport: Got server p (2048 bits)
DEB [20210121-00:13:06.472] thr=10  paramiko.transport: kex engine KexGex specified hash_algo <built-in function openssl_sha1>
DEB [20210121-00:13:06.481] thr=10  paramiko.transport: Switch to new keys ...
DEB [20210121-00:13:06.483] thr=2   paramiko.transport: Adding ssh-rsa host key for 172.19.1.251: b'5288b4eb6c8c5af0122644fa9a72387f'
DEB [20210121-00:13:06.696] thr=10  paramiko.transport: userauth is OK
INF [20210121-00:13:06.732] thr=10  paramiko.transport: Authentication (password) successful!
DEB [20210121-00:13:06.750] thr=2   paramiko.transport: [chan 0] Max packet in: 32768 bytes
DEB [20210121-00:13:06.850] thr=10  paramiko.transport: [chan 0] Max packet out: 4096 bytes
DEB [20210121-00:13:06.850] thr=10  paramiko.transport: Secsh channel 0 opened.
DEB [20210121-00:13:06.882] thr=10  paramiko.transport: [chan 0] Sesch channel 0 request ok
DEB [20210121-00:13:06.898] thr=10  paramiko.transport: [chan 0] Sesch channel 0 request ok
DEB [20210121-00:13:07.287] thr=10  paramiko.transport: EOF in transport thread
DEB [20210121-00:13:28.360] thr=11  paramiko.transport: starting thread (client mode): 0x863e4088
DEB [20210121-00:13:28.366] thr=11  paramiko.transport: Local version/idstring: SSH-2.0-paramiko_2.7.1
DEB [20210121-00:13:28.366] thr=11  paramiko.transport: Remote version/idstring: SSH-1.99-Cisco-1.25
INF [20210121-00:13:28.366] thr=11  paramiko.transport: Connected (version 1.99, client Cisco-1.25)
DEB [20210121-00:13:28.366] thr=11  paramiko.transport: kex algos:['diffie-hellman-group-exchange-sha1', 'diffie-hellman-group14-sha1', 'diffie-hellman-group1-sha1'] server key:['ssh-rsa'] client encrypt:['aes128-cbc', '3des-cbc', 'aes192-cbc', 'aes256-cbc'] server encrypt:['aes128-cbc', '3des-cbc', 'aes192-cbc', 'aes256-cbc'] client mac:['hmac-sha1', 'hmac-sha1-96', 'hmac-md5', 'hmac-md5-96'] server mac:['hmac-sha1', 'hmac-sha1-96', 'hmac-md5', 'hmac-md5-96'] client compress:['none'] server compress:['none'] client lang:[''] server lang:[''] kex follows?False
DEB [20210121-00:13:28.366] thr=11  paramiko.transport: Kex agreed: diffie-hellman-group-exchange-sha1
DEB [20210121-00:13:28.383] thr=11  paramiko.transport: HostKey agreed: ssh-rsa
DEB [20210121-00:13:28.383] thr=11  paramiko.transport: Cipher agreed: aes128-cbc
DEB [20210121-00:13:28.383] thr=11  paramiko.transport: MAC agreed: hmac-sha1
DEB [20210121-00:13:28.383] thr=11  paramiko.transport: Compression agreed: none
DEB [20210121-00:13:28.599] thr=11  paramiko.transport: Got server p (2048 bits)
DEB [20210121-00:13:29.071] thr=11  paramiko.transport: kex engine KexGex specified hash_algo <built-in function openssl_sha1>
DEB [20210121-00:13:29.071] thr=11  paramiko.transport: Switch to new keys ...
DEB [20210121-00:13:29.087] thr=2   paramiko.transport: Adding ssh-rsa host key for 172.19.1.251: b'5288b4eb6c8c5af0122644fa9a72387f'
DEB [20210121-00:13:29.288] thr=11  paramiko.transport: userauth is OK
INF [20210121-00:13:29.304] thr=11  paramiko.transport: Authentication (password) successful!
DEB [20210121-00:13:29.320] thr=2   paramiko.transport: [chan 0] Max packet in: 32768 bytes
DEB [20210121-00:13:29.335] thr=11  paramiko.transport: [chan 0] Max packet out: 4096 bytes
DEB [20210121-00:13:29.335] thr=11  paramiko.transport: Secsh channel 0 opened.
DEB [20210121-00:13:29.351] thr=11  paramiko.transport: [chan 0] Sesch channel 0 request ok
DEB [20210121-00:13:29.373] thr=11  paramiko.transport: [chan 0] Sesch channel 0 request ok
DEB [20210121-00:13:29.451] thr=11  paramiko.transport: EOF in transport thread
2021-01-21 00:13:50.494105 : Unable to connected to the following hosts on port 22:172.19.1.25
DEB [20210121-00:14:44.019] thr=12  paramiko.transport: starting thread (client mode): 0x863f98c8
DEB [20210121-00:14:44.028] thr=12  paramiko.transport: Local version/idstring: SSH-2.0-paramiko_2.7.1
DEB [20210121-00:14:44.053] thr=12  paramiko.transport: Remote version/idstring: SSH-1.99-Cisco-1.25
INF [20210121-00:14:44.053] thr=12  paramiko.transport: Connected (version 1.99, client Cisco-1.25)
DEB [20210121-00:14:44.065] thr=12  paramiko.transport: kex algos:['diffie-hellman-group-exchange-sha1', 'diffie-hellman-group14-sha1', 'diffie-hellman-group1-sha1'] server key:['ssh-rsa'] client encrypt:['aes128-cbc', '3des-cbc', 'aes192-cbc', 'aes256-cbc'] server encrypt:['aes128-cbc', '3des-cbc', 'aes192-cbc', 'aes256-cbc'] client mac:['hmac-sha1', 'hmac-sha1-96', 'hmac-md5', 'hmac-md5-96'] server mac:['hmac-sha1', 'hmac-sha1-96', 'hmac-md5', 'hmac-md5-96'] client compress:['none'] server compress:['none'] client lang:[''] server lang:[''] kex follows?False
DEB [20210121-00:14:44.073] thr=12  paramiko.transport: Kex agreed: diffie-hellman-group-exchange-sha1
DEB [20210121-00:14:44.076] thr=12  paramiko.transport: HostKey agreed: ssh-rsa
DEB [20210121-00:14:44.076] thr=12  paramiko.transport: Cipher agreed: aes128-cbc
DEB [20210121-00:14:44.088] thr=12  paramiko.transport: MAC agreed: hmac-sha1
DEB [20210121-00:14:44.100] thr=12  paramiko.transport: Compression agreed: none
DEB [20210121-00:14:44.284] thr=12  paramiko.transport: Got server p (2048 bits)
DEB [20210121-00:14:44.632] thr=12  paramiko.transport: kex engine KexGex specified hash_algo <built-in function openssl_sha1>
DEB [20210121-00:14:44.632] thr=12  paramiko.transport: Switch to new keys ...
DEB [20210121-00:14:44.639] thr=2   paramiko.transport: Adding ssh-rsa host key for 172.19.1.251: b'5288b4eb6c8c5af0122644fa9a72387f'
DEB [20210121-00:14:44.841] thr=12  paramiko.transport: userauth is OK
INF [20210121-00:14:44.857] thr=12  paramiko.transport: Authentication (password) successful!
DEB [20210121-00:14:44.857] thr=2   paramiko.transport: [chan 0] Max packet in: 32768 bytes
DEB [20210121-00:14:44.888] thr=12  paramiko.transport: [chan 0] Max packet out: 4096 bytes
DEB [20210121-00:14:44.888] thr=12  paramiko.transport: Secsh channel 0 opened.
DEB [20210121-00:14:44.919] thr=12  paramiko.transport: [chan 0] Sesch channel 0 request ok
DEB [20210121-00:14:44.962] thr=12  paramiko.transport: [chan 0] Sesch channel 0 request ok
DEB [20210121-00:14:45.295] thr=12  paramiko.transport: EOF in transport thread
DEB [20210121-00:15:06.442] thr=13  paramiko.transport: starting thread (client mode): 0x86422848
DEB [20210121-00:15:06.454] thr=13  paramiko.transport: Local version/idstring: SSH-2.0-paramiko_2.7.1
DEB [20210121-00:15:06.454] thr=13  paramiko.transport: Remote version/idstring: SSH-1.99-Cisco-1.25
INF [20210121-00:15:06.463] thr=13  paramiko.transport: Connected (version 1.99, client Cisco-1.25)
DEB [20210121-00:15:06.465] thr=13  paramiko.transport: kex algos:['diffie-hellman-group-exchange-sha1', 'diffie-hellman-group14-sha1', 'diffie-hellman-group1-sha1'] server key:['ssh-rsa'] client encrypt:['aes128-cbc', '3des-cbc', 'aes192-cbc', 'aes256-cbc'] server encrypt:['aes128-cbc', '3des-cbc', 'aes192-cbc', 'aes256-cbc'] client mac:['hmac-sha1', 'hmac-sha1-96', 'hmac-md5', 'hmac-md5-96'] server mac:['hmac-sha1', 'hmac-sha1-96', 'hmac-md5', 'hmac-md5-96'] client compress:['none'] server compress:['none'] client lang:[''] server lang:[''] kex follows?False
DEB [20210121-00:15:06.477] thr=13  paramiko.transport: Kex agreed: diffie-hellman-group-exchange-sha1
DEB [20210121-00:15:06.477] thr=13  paramiko.transport: HostKey agreed: ssh-rsa
DEB [20210121-00:15:06.485] thr=13  paramiko.transport: Cipher agreed: aes128-cbc
DEB [20210121-00:15:06.488] thr=13  paramiko.transport: MAC agreed: hmac-sha1
DEB [20210121-00:15:06.488] thr=13  paramiko.transport: Compression agreed: none
DEB [20210121-00:15:06.703] thr=13  paramiko.transport: Got server p (2048 bits)
DEB [20210121-00:15:07.297] thr=13  paramiko.transport: kex engine KexGex specified hash_algo <built-in function openssl_sha1>
DEB [20210121-00:15:07.308] thr=13  paramiko.transport: Switch to new keys ...
DEB [20210121-00:15:07.308] thr=2   paramiko.transport: Adding ssh-rsa host key for 172.19.1.251: b'5288b4eb6c8c5af0122644fa9a72387f'
DEB [20210121-00:15:07.500] thr=13  paramiko.transport: userauth is OK
INF [20210121-00:15:07.564] thr=13  paramiko.transport: Authentication (password) successful!
DEB [20210121-00:15:07.564] thr=2   paramiko.transport: [chan 0] Max packet in: 32768 bytes
DEB [20210121-00:15:07.594] thr=13  paramiko.transport: [chan 0] Max packet out: 4096 bytes
DEB [20210121-00:15:07.594] thr=13  paramiko.transport: Secsh channel 0 opened.
DEB [20210121-00:15:07.601] thr=13  paramiko.transport: [chan 0] Sesch channel 0 request ok
DEB [20210121-00:15:07.648] thr=13  paramiko.transport: [chan 0] Sesch channel 0 request ok
DEB [20210121-00:15:07.818] thr=13  paramiko.transport: EOF in transport thread
2021-01-21 00:15:28.884172 : Unable to connected to the following hosts on port 22:172.19.1.25
DEB [20210121-00:22:53.628] thr=14  paramiko.transport: starting thread (client mode): 0x86490908
DEB [20210121-00:22:53.650] thr=14  paramiko.transport: Local version/idstring: SSH-2.0-paramiko_2.7.1
DEB [20210121-00:22:53.653] thr=14  paramiko.transport: Remote version/idstring: SSH-1.99-Cisco-1.25
INF [20210121-00:22:53.664] thr=14  paramiko.transport: Connected (version 1.99, client Cisco-1.25)
DEB [20210121-00:22:53.675] thr=14  paramiko.transport: kex algos:['diffie-hellman-group-exchange-sha1', 'diffie-hellman-group14-sha1', 'diffie-hellman-group1-sha1'] server key:['ssh-rsa'] client encrypt:['aes128-cbc', '3des-cbc', 'aes192-cbc', 'aes256-cbc'] server encrypt:['aes128-cbc', '3des-cbc', 'aes192-cbc', 'aes256-cbc'] client mac:['hmac-sha1', 'hmac-sha1-96', 'hmac-md5', 'hmac-md5-96'] server mac:['hmac-sha1', 'hmac-sha1-96', 'hmac-md5', 'hmac-md5-96'] client compress:['none'] server compress:['none'] client lang:[''] server lang:[''] kex follows?False
DEB [20210121-00:22:53.675] thr=14  paramiko.transport: Kex agreed: diffie-hellman-group-exchange-sha1
DEB [20210121-00:22:53.687] thr=14  paramiko.transport: HostKey agreed: ssh-rsa
DEB [20210121-00:22:53.696] thr=14  paramiko.transport: Cipher agreed: aes128-cbc
DEB [20210121-00:22:53.699] thr=14  paramiko.transport: MAC agreed: hmac-sha1
DEB [20210121-00:22:53.708] thr=14  paramiko.transport: Compression agreed: none
DEB [20210121-00:22:53.878] thr=14  paramiko.transport: Got server p (2048 bits)
DEB [20210121-00:22:54.338] thr=14  paramiko.transport: kex engine KexGex specified hash_algo <built-in function openssl_sha1>
DEB [20210121-00:22:54.338] thr=14  paramiko.transport: Switch to new keys ...
DEB [20210121-00:22:54.353] thr=2   paramiko.transport: Adding ssh-rsa host key for 172.19.1.251: b'5288b4eb6c8c5af0122644fa9a72387f'
DEB [20210121-00:22:54.554] thr=14  paramiko.transport: userauth is OK
INF [20210121-00:22:54.601] thr=14  paramiko.transport: Authentication (password) successful!
DEB [20210121-00:22:54.617] thr=2   paramiko.transport: [chan 0] Max packet in: 32768 bytes
DEB [20210121-00:22:54.639] thr=14  paramiko.transport: [chan 0] Max packet out: 4096 bytes
DEB [20210121-00:22:54.639] thr=14  paramiko.transport: Secsh channel 0 opened.
DEB [20210121-00:22:54.655] thr=14  paramiko.transport: [chan 0] Sesch channel 0 request ok
DEB [20210121-00:22:54.686] thr=14  paramiko.transport: [chan 0] Sesch channel 0 request ok
DEB [20210121-00:22:55.224] thr=14  paramiko.transport: EOF in transport thread
DEB [20210121-00:23:16.304] thr=15  paramiko.transport: starting thread (client mode): 0x8644fb48
DEB [20210121-00:23:16.320] thr=15  paramiko.transport: Local version/idstring: SSH-2.0-paramiko_2.7.1
DEB [20210121-00:23:16.320] thr=15  paramiko.transport: Remote version/idstring: SSH-1.99-Cisco-1.25
INF [20210121-00:23:16.320] thr=15  paramiko.transport: Connected (version 1.99, client Cisco-1.25)
DEB [20210121-00:23:16.336] thr=15  paramiko.transport: kex algos:['diffie-hellman-group-exchange-sha1', 'diffie-hellman-group14-sha1', 'diffie-hellman-group1-sha1'] server key:['ssh-rsa'] client encrypt:['aes128-cbc', '3des-cbc', 'aes192-cbc', 'aes256-cbc'] server encrypt:['aes128-cbc', '3des-cbc', 'aes192-cbc', 'aes256-cbc'] client mac:['hmac-sha1', 'hmac-sha1-96', 'hmac-md5', 'hmac-md5-96'] server mac:['hmac-sha1', 'hmac-sha1-96', 'hmac-md5', 'hmac-md5-96'] client compress:['none'] server compress:['none'] client lang:[''] server lang:[''] kex follows?False
DEB [20210121-00:23:16.336] thr=15  paramiko.transport: Kex agreed: diffie-hellman-group-exchange-sha1
DEB [20210121-00:23:16.336] thr=15  paramiko.transport: HostKey agreed: ssh-rsa
DEB [20210121-00:23:16.336] thr=15  paramiko.transport: Cipher agreed: aes128-cbc
DEB [20210121-00:23:16.336] thr=15  paramiko.transport: MAC agreed: hmac-sha1
DEB [20210121-00:23:16.336] thr=15  paramiko.transport: Compression agreed: none
DEB [20210121-00:23:16.552] thr=15  paramiko.transport: Got server p (2048 bits)
DEB [20210121-00:23:16.974] thr=15  paramiko.transport: kex engine KexGex specified hash_algo <built-in function openssl_sha1>
DEB [20210121-00:23:16.974] thr=15  paramiko.transport: Switch to new keys ...
DEB [20210121-00:23:17.004] thr=2   paramiko.transport: Adding ssh-rsa host key for 172.19.1.251: b'5288b4eb6c8c5af0122644fa9a72387f'
DEB [20210121-00:23:17.186] thr=15  paramiko.transport: userauth is OK
INF [20210121-00:23:17.224] thr=15  paramiko.transport: Authentication (password) successful!
DEB [20210121-00:23:17.240] thr=2   paramiko.transport: [chan 0] Max packet in: 32768 bytes
DEB [20210121-00:23:17.240] thr=15  paramiko.transport: [chan 0] Max packet out: 4096 bytes
DEB [20210121-00:23:17.255] thr=15  paramiko.transport: Secsh channel 0 opened.
DEB [20210121-00:23:17.293] thr=15  paramiko.transport: [chan 0] Sesch channel 0 request ok
DEB [20210121-00:23:17.308] thr=15  paramiko.transport: [chan 0] Sesch channel 0 request ok
DEB [20210121-00:23:17.389] thr=15  paramiko.transport: EOF in transport thread
2021-01-21 00:23:38.449603 : Unable to connected to the following hosts on port 22:172.19.1.25
DEB [20210121-00:24:44.189] thr=16  paramiko.transport: starting thread (client mode): 0x8644f4c8
DEB [20210121-00:24:44.205] thr=16  paramiko.transport: Local version/idstring: SSH-2.0-paramiko_2.7.1
DEB [20210121-00:24:44.220] thr=16  paramiko.transport: Remote version/idstring: SSH-1.99-Cisco-1.25
INF [20210121-00:24:44.220] thr=16  paramiko.transport: Connected (version 1.99, client Cisco-1.25)
DEB [20210121-00:24:44.236] thr=16  paramiko.transport: kex algos:['diffie-hellman-group-exchange-sha1', 'diffie-hellman-group14-sha1', 'diffie-hellman-group1-sha1'] server key:['ssh-rsa'] client encrypt:['aes128-cbc', '3des-cbc', 'aes192-cbc', 'aes256-cbc'] server encrypt:['aes128-cbc', '3des-cbc', 'aes192-cbc', 'aes256-cbc'] client mac:['hmac-sha1', 'hmac-sha1-96', 'hmac-md5', 'hmac-md5-96'] server mac:['hmac-sha1', 'hmac-sha1-96', 'hmac-md5', 'hmac-md5-96'] client compress:['none'] server compress:['none'] client lang:[''] server lang:[''] kex follows?False
DEB [20210121-00:24:44.236] thr=16  paramiko.transport: Kex agreed: diffie-hellman-group-exchange-sha1
DEB [20210121-00:24:44.251] thr=16  paramiko.transport: HostKey agreed: ssh-rsa
DEB [20210121-00:24:44.258] thr=16  paramiko.transport: Cipher agreed: aes128-cbc
DEB [20210121-00:24:44.258] thr=16  paramiko.transport: MAC agreed: hmac-sha1
DEB [20210121-00:24:44.258] thr=16  paramiko.transport: Compression agreed: none
DEB [20210121-00:24:44.459] thr=16  paramiko.transport: Got server p (2048 bits)
DEB [20210121-00:24:44.993] thr=16  paramiko.transport: kex engine KexGex specified hash_algo <built-in function openssl_sha1>
DEB [20210121-00:24:44.993] thr=16  paramiko.transport: Switch to new keys ...
DEB [20210121-00:24:44.993] thr=2   paramiko.transport: Adding ssh-rsa host key for 172.19.1.251: b'5288b4eb6c8c5af0122644fa9a72387f'
DEB [20210121-00:24:45.210] thr=16  paramiko.transport: userauth is OK
INF [20210121-00:24:45.257] thr=16  paramiko.transport: Authentication (password) successful!
DEB [20210121-00:24:45.263] thr=2   paramiko.transport: [chan 0] Max packet in: 32768 bytes
DEB [20210121-00:24:45.279] thr=16  paramiko.transport: [chan 0] Max packet out: 4096 bytes
DEB [20210121-00:24:45.279] thr=16  paramiko.transport: Secsh channel 0 opened.
DEB [20210121-00:24:45.295] thr=16  paramiko.transport: [chan 0] Sesch channel 0 request ok
DEB [20210121-00:24:45.310] thr=16  paramiko.transport: [chan 0] Sesch channel 0 request ok
DEB [20210121-00:24:45.643] thr=16  paramiko.transport: EOF in transport thread
DEB [20210121-00:25:06.703] thr=17  paramiko.transport: starting thread (client mode): 0x86405d48
DEB [20210121-00:25:06.720] thr=17  paramiko.transport: Local version/idstring: SSH-2.0-paramiko_2.7.1
DEB [20210121-00:25:06.720] thr=17  paramiko.transport: Remote version/idstring: SSH-1.99-Cisco-1.25
INF [20210121-00:25:06.720] thr=17  paramiko.transport: Connected (version 1.99, client Cisco-1.25)
DEB [20210121-00:25:06.734] thr=17  paramiko.transport: kex algos:['diffie-hellman-group-exchange-sha1', 'diffie-hellman-group14-sha1', 'diffie-hellman-group1-sha1'] server key:['ssh-rsa'] client encrypt:['aes128-cbc', '3des-cbc', 'aes192-cbc', 'aes256-cbc'] server encrypt:['aes128-cbc', '3des-cbc', 'aes192-cbc', 'aes256-cbc'] client mac:['hmac-sha1', 'hmac-sha1-96', 'hmac-md5', 'hmac-md5-96'] server mac:['hmac-sha1', 'hmac-sha1-96', 'hmac-md5', 'hmac-md5-96'] client compress:['none'] server compress:['none'] client lang:[''] server lang:[''] kex follows?False
DEB [20210121-00:25:06.734] thr=17  paramiko.transport: Kex agreed: diffie-hellman-group-exchange-sha1
DEB [20210121-00:25:06.750] thr=17  paramiko.transport: HostKey agreed: ssh-rsa
DEB [20210121-00:25:06.750] thr=17  paramiko.transport: Cipher agreed: aes128-cbc
DEB [20210121-00:25:06.750] thr=17  paramiko.transport: MAC agreed: hmac-sha1
DEB [20210121-00:25:06.750] thr=17  paramiko.transport: Compression agreed: none
DEB [20210121-00:25:06.951] thr=17  paramiko.transport: Got server p (2048 bits)
DEB [20210121-00:25:07.408] thr=17  paramiko.transport: kex engine KexGex specified hash_algo <built-in function openssl_sha1>
DEB [20210121-00:25:07.424] thr=17  paramiko.transport: Switch to new keys ...
DEB [20210121-00:25:07.424] thr=2   paramiko.transport: Adding ssh-rsa host key for 172.19.1.251: b'5288b4eb6c8c5af0122644fa9a72387f'
DEB [20210121-00:25:07.625] thr=17  paramiko.transport: userauth is OK
INF [20210121-00:25:07.656] thr=17  paramiko.transport: Authentication (password) successful!
DEB [20210121-00:25:07.656] thr=2   paramiko.transport: [chan 0] Max packet in: 32768 bytes
DEB [20210121-00:25:07.672] thr=17  paramiko.transport: [chan 0] Max packet out: 4096 bytes
DEB [20210121-00:25:07.672] thr=17  paramiko.transport: Secsh channel 0 opened.
DEB [20210121-00:25:07.703] thr=17  paramiko.transport: [chan 0] Sesch channel 0 request ok
DEB [20210121-00:25:07.726] thr=17  paramiko.transport: [chan 0] Sesch channel 0 request ok
DEB [20210121-00:25:07.921] thr=17  paramiko.transport: EOF in transport thread
2021-01-21 00:25:28.985298 : Unable to connected to the following hosts on port 22:172.19.1.25
DEB [20210121-00:25:51.590] thr=18  paramiko.transport: starting thread (client mode): 0x86443348
DEB [20210121-00:25:51.600] thr=18  paramiko.transport: Local version/idstring: SSH-2.0-paramiko_2.7.1
DEB [20210121-00:25:51.616] thr=18  paramiko.transport: Remote version/idstring: SSH-1.99-Cisco-1.25
INF [20210121-00:25:51.616] thr=18  paramiko.transport: Connected (version 1.99, client Cisco-1.25)
DEB [20210121-00:25:51.632] thr=18  paramiko.transport: kex algos:['diffie-hellman-group-exchange-sha1', 'diffie-hellman-group14-sha1', 'diffie-hellman-group1-sha1'] server key:['ssh-rsa'] client encrypt:['aes128-cbc', '3des-cbc', 'aes192-cbc', 'aes256-cbc'] server encrypt:['aes128-cbc', '3des-cbc', 'aes192-cbc', 'aes256-cbc'] client mac:['hmac-sha1', 'hmac-sha1-96', 'hmac-md5', 'hmac-md5-96'] server mac:['hmac-sha1', 'hmac-sha1-96', 'hmac-md5', 'hmac-md5-96'] client compress:['none'] server compress:['none'] client lang:[''] server lang:[''] kex follows?False
DEB [20210121-00:25:51.632] thr=18  paramiko.transport: Kex agreed: diffie-hellman-group-exchange-sha1
DEB [20210121-00:25:51.632] thr=18  paramiko.transport: HostKey agreed: ssh-rsa
DEB [20210121-00:25:51.632] thr=18  paramiko.transport: Cipher agreed: aes128-cbc
DEB [20210121-00:25:51.647] thr=18  paramiko.transport: MAC agreed: hmac-sha1
DEB [20210121-00:25:51.647] thr=18  paramiko.transport: Compression agreed: none
DEB [20210121-00:25:51.848] thr=18  paramiko.transport: Got server p (2048 bits)
DEB [20210121-00:25:52.325] thr=18  paramiko.transport: kex engine KexGex specified hash_algo <built-in function openssl_sha1>
DEB [20210121-00:25:52.325] thr=18  paramiko.transport: Switch to new keys ...
DEB [20210121-00:25:52.340] thr=2   paramiko.transport: Adding ssh-rsa host key for 172.19.1.251: b'5288b4eb6c8c5af0122644fa9a72387f'
DEB [20210121-00:25:52.542] thr=18  paramiko.transport: userauth is OK
INF [20210121-00:25:52.573] thr=18  paramiko.transport: Authentication (password) successful!
DEB [20210121-00:25:52.589] thr=2   paramiko.transport: [chan 0] Max packet in: 32768 bytes
DEB [20210121-00:25:52.604] thr=18  paramiko.transport: [chan 0] Max packet out: 4096 bytes
DEB [20210121-00:25:52.604] thr=18  paramiko.transport: Secsh channel 0 opened.
DEB [20210121-00:25:52.659] thr=18  paramiko.transport: [chan 0] Sesch channel 0 request ok
DEB [20210121-00:25:52.675] thr=18  paramiko.transport: [chan 0] Sesch channel 0 request ok
DEB [20210121-00:25:52.992] thr=18  paramiko.transport: EOF in transport thread
DEB [20210121-00:26:14.103] thr=19  paramiko.transport: starting thread (client mode): 0x864467c8
DEB [20210121-00:26:14.119] thr=19  paramiko.transport: Local version/idstring: SSH-2.0-paramiko_2.7.1
DEB [20210121-00:26:14.119] thr=19  paramiko.transport: Remote version/idstring: SSH-1.99-Cisco-1.25
INF [20210121-00:26:14.119] thr=19  paramiko.transport: Connected (version 1.99, client Cisco-1.25)
DEB [20210121-00:26:14.134] thr=19  paramiko.transport: kex algos:['diffie-hellman-group-exchange-sha1', 'diffie-hellman-group14-sha1', 'diffie-hellman-group1-sha1'] server key:['ssh-rsa'] client encrypt:['aes128-cbc', '3des-cbc', 'aes192-cbc', 'aes256-cbc'] server encrypt:['aes128-cbc', '3des-cbc', 'aes192-cbc', 'aes256-cbc'] client mac:['hmac-sha1', 'hmac-sha1-96', 'hmac-md5', 'hmac-md5-96'] server mac:['hmac-sha1', 'hmac-sha1-96', 'hmac-md5', 'hmac-md5-96'] client compress:['none'] server compress:['none'] client lang:[''] server lang:[''] kex follows?False
DEB [20210121-00:26:14.134] thr=19  paramiko.transport: Kex agreed: diffie-hellman-group-exchange-sha1
DEB [20210121-00:26:14.134] thr=19  paramiko.transport: HostKey agreed: ssh-rsa
DEB [20210121-00:26:14.151] thr=19  paramiko.transport: Cipher agreed: aes128-cbc
DEB [20210121-00:26:14.158] thr=19  paramiko.transport: MAC agreed: hmac-sha1
DEB [20210121-00:26:14.158] thr=19  paramiko.transport: Compression agreed: none
DEB [20210121-00:26:14.360] thr=19  paramiko.transport: Got server p (2048 bits)
DEB [20210121-00:26:14.780] thr=19  paramiko.transport: kex engine KexGex specified hash_algo <built-in function openssl_sha1>
DEB [20210121-00:26:14.780] thr=19  paramiko.transport: Switch to new keys ...
DEB [20210121-00:26:14.780] thr=2   paramiko.transport: Adding ssh-rsa host key for 172.19.1.251: b'5288b4eb6c8c5af0122644fa9a72387f'
DEB [20210121-00:26:14.981] thr=19  paramiko.transport: userauth is OK
INF [20210121-00:26:15.028] thr=19  paramiko.transport: Authentication (password) successful!
DEB [20210121-00:26:15.028] thr=2   paramiko.transport: [chan 0] Max packet in: 32768 bytes
DEB [20210121-00:26:15.044] thr=19  paramiko.transport: [chan 0] Max packet out: 4096 bytes
DEB [20210121-00:26:15.044] thr=19  paramiko.transport: Secsh channel 0 opened.
DEB [20210121-00:26:15.066] thr=19  paramiko.transport: [chan 0] Sesch channel 0 request ok
DEB [20210121-00:26:15.082] thr=19  paramiko.transport: [chan 0] Sesch channel 0 request ok
DEB [20210121-00:26:15.199] thr=19  paramiko.transport: EOF in transport thread
2021-01-21 00:26:36.247903 : Unable to connected to the following hosts on port 22:172.19.1.25
DEB [20210121-00:27:24.470] thr=20  paramiko.transport: starting thread (client mode): 0x86445588
DEB [20210121-00:27:24.492] thr=20  paramiko.transport: Local version/idstring: SSH-2.0-paramiko_2.7.1
DEB [20210121-00:27:24.498] thr=20  paramiko.transport: Remote version/idstring: SSH-1.99-Cisco-1.25
INF [20210121-00:27:24.505] thr=20  paramiko.transport: Connected (version 1.99, client Cisco-1.25)
DEB [20210121-00:27:24.515] thr=20  paramiko.transport: kex algos:['diffie-hellman-group-exchange-sha1', 'diffie-hellman-group14-sha1', 'diffie-hellman-group1-sha1'] server key:['ssh-rsa'] client encrypt:['aes128-cbc', '3des-cbc', 'aes192-cbc', 'aes256-cbc'] server encrypt:['aes128-cbc', '3des-cbc', 'aes192-cbc', 'aes256-cbc'] client mac:['hmac-sha1', 'hmac-sha1-96', 'hmac-md5', 'hmac-md5-96'] server mac:['hmac-sha1', 'hmac-sha1-96', 'hmac-md5', 'hmac-md5-96'] client compress:['none'] server compress:['none'] client lang:[''] server lang:[''] kex follows?False
DEB [20210121-00:27:24.534] thr=20  paramiko.transport: Kex agreed: diffie-hellman-group-exchange-sha1
DEB [20210121-00:27:24.548] thr=20  paramiko.transport: HostKey agreed: ssh-rsa
DEB [20210121-00:27:24.548] thr=20  paramiko.transport: Cipher agreed: aes128-cbc
DEB [20210121-00:27:24.557] thr=20  paramiko.transport: MAC agreed: hmac-sha1
DEB [20210121-00:27:24.560] thr=20  paramiko.transport: Compression agreed: none
DEB [20210121-00:27:24.746] thr=20  paramiko.transport: Got server p (2048 bits)
DEB [20210121-00:27:25.141] thr=20  paramiko.transport: kex engine KexGex specified hash_algo <built-in function openssl_sha1>
DEB [20210121-00:27:25.141] thr=20  paramiko.transport: Switch to new keys ...
DEB [20210121-00:27:25.157] thr=2   paramiko.transport: Adding ssh-rsa host key for 172.19.1.251: b'5288b4eb6c8c5af0122644fa9a72387f'
DEB [20210121-00:27:25.358] thr=20  paramiko.transport: userauth is OK
INF [20210121-00:27:25.396] thr=20  paramiko.transport: Authentication (password) successful!
DEB [20210121-00:27:25.414] thr=2   paramiko.transport: [chan 0] Max packet in: 32768 bytes
DEB [20210121-00:27:25.428] thr=20  paramiko.transport: [chan 0] Max packet out: 4096 bytes
DEB [20210121-00:27:25.444] thr=20  paramiko.transport: Secsh channel 0 opened.
DEB [20210121-00:27:25.459] thr=20  paramiko.transport: [chan 0] Sesch channel 0 request ok
DEB [20210121-00:27:25.459] thr=20  paramiko.transport: [chan 0] Sesch channel 0 request ok
DEB [20210121-00:27:25.814] thr=20  paramiko.transport: EOF in transport thread
DEB [20210121-00:27:46.870] thr=21  paramiko.transport: starting thread (client mode): 0x8644f048
DEB [20210121-00:27:46.886] thr=21  paramiko.transport: Local version/idstring: SSH-2.0-paramiko_2.7.1
DEB [20210121-00:27:46.886] thr=21  paramiko.transport: Remote version/idstring: SSH-1.99-Cisco-1.25
INF [20210121-00:27:46.886] thr=21  paramiko.transport: Connected (version 1.99, client Cisco-1.25)
DEB [20210121-00:27:46.901] thr=21  paramiko.transport: kex algos:['diffie-hellman-group-exchange-sha1', 'diffie-hellman-group14-sha1', 'diffie-hellman-group1-sha1'] server key:['ssh-rsa'] client encrypt:['aes128-cbc', '3des-cbc', 'aes192-cbc', 'aes256-cbc'] server encrypt:['aes128-cbc', '3des-cbc', 'aes192-cbc', 'aes256-cbc'] client mac:['hmac-sha1', 'hmac-sha1-96', 'hmac-md5', 'hmac-md5-96'] server mac:['hmac-sha1', 'hmac-sha1-96', 'hmac-md5', 'hmac-md5-96'] client compress:['none'] server compress:['none'] client lang:[''] server lang:[''] kex follows?False
DEB [20210121-00:27:46.901] thr=21  paramiko.transport: Kex agreed: diffie-hellman-group-exchange-sha1
DEB [20210121-00:27:46.901] thr=21  paramiko.transport: HostKey agreed: ssh-rsa
DEB [20210121-00:27:46.901] thr=21  paramiko.transport: Cipher agreed: aes128-cbc
DEB [20210121-00:27:46.917] thr=21  paramiko.transport: MAC agreed: hmac-sha1
DEB [20210121-00:27:46.917] thr=21  paramiko.transport: Compression agreed: none
DEB [20210121-00:27:47.133] thr=21  paramiko.transport: Got server p (2048 bits)
DEB [20210121-00:27:47.557] thr=21  paramiko.transport: kex engine KexGex specified hash_algo <built-in function openssl_sha1>
DEB [20210121-00:27:47.573] thr=21  paramiko.transport: Switch to new keys ...
DEB [20210121-00:27:47.573] thr=2   paramiko.transport: Adding ssh-rsa host key for 172.19.1.251: b'5288b4eb6c8c5af0122644fa9a72387f'
DEB [20210121-00:27:47.774] thr=21  paramiko.transport: userauth is OK
INF [20210121-00:27:47.805] thr=21  paramiko.transport: Authentication (password) successful!
DEB [20210121-00:27:47.805] thr=2   paramiko.transport: [chan 0] Max packet in: 32768 bytes
DEB [20210121-00:27:47.821] thr=21  paramiko.transport: [chan 0] Max packet out: 4096 bytes
DEB [20210121-00:27:47.821] thr=21  paramiko.transport: Secsh channel 0 opened.
DEB [20210121-00:27:47.859] thr=21  paramiko.transport: [chan 0] Sesch channel 0 request ok
DEB [20210121-00:27:47.875] thr=21  paramiko.transport: [chan 0] Sesch channel 0 request ok
DEB [20210121-00:27:47.993] thr=21  paramiko.transport: EOF in transport thread
2021-01-21 00:28:09.040488 : Unable to connected to the following hosts on port 22:172.19.1.25
DEB [20210121-00:32:42.175] thr=22  paramiko.transport: starting thread (client mode): 0x86491588
DEB [20210121-00:32:42.198] thr=22  paramiko.transport: Local version/idstring: SSH-2.0-paramiko_2.7.1
DEB [20210121-00:32:42.213] thr=22  paramiko.transport: Remote version/idstring: SSH-1.99-Cisco-1.25
INF [20210121-00:32:42.221] thr=22  paramiko.transport: Connected (version 1.99, client Cisco-1.25)
DEB [20210121-00:32:42.235] thr=22  paramiko.transport: kex algos:['diffie-hellman-group-exchange-sha1', 'diffie-hellman-group14-sha1', 'diffie-hellman-group1-sha1'] server key:['ssh-rsa'] client encrypt:['aes128-cbc', '3des-cbc', 'aes192-cbc', 'aes256-cbc'] server encrypt:['aes128-cbc', '3des-cbc', 'aes192-cbc', 'aes256-cbc'] client mac:['hmac-sha1', 'hmac-sha1-96', 'hmac-md5', 'hmac-md5-96'] server mac:['hmac-sha1', 'hmac-sha1-96', 'hmac-md5', 'hmac-md5-96'] client compress:['none'] server compress:['none'] client lang:[''] server lang:[''] kex follows?False
DEB [20210121-00:32:42.250] thr=22  paramiko.transport: Kex agreed: diffie-hellman-group-exchange-sha1
DEB [20210121-00:32:42.250] thr=22  paramiko.transport: HostKey agreed: ssh-rsa
DEB [20210121-00:32:42.261] thr=22  paramiko.transport: Cipher agreed: aes128-cbc
DEB [20210121-00:32:42.261] thr=22  paramiko.transport: MAC agreed: hmac-sha1
DEB [20210121-00:32:42.276] thr=22  paramiko.transport: Compression agreed: none
DEB [20210121-00:32:42.472] thr=22  paramiko.transport: Got server p (2048 bits)
DEB [20210121-00:32:42.974] thr=22  paramiko.transport: kex engine KexGex specified hash_algo <built-in function openssl_sha1>
DEB [20210121-00:32:42.986] thr=22  paramiko.transport: Switch to new keys ...
DEB [20210121-00:32:42.986] thr=2   paramiko.transport: Adding ssh-rsa host key for 172.19.1.251: b'5288b4eb6c8c5af0122644fa9a72387f'
DEB [20210121-00:32:43.196] thr=22  paramiko.transport: userauth is OK
INF [20210121-00:32:43.235] thr=22  paramiko.transport: Authentication (password) successful!
DEB [20210121-00:32:43.251] thr=2   paramiko.transport: [chan 0] Max packet in: 32768 bytes
DEB [20210121-00:32:43.335] thr=22  paramiko.transport: [chan 0] Max packet out: 4096 bytes
DEB [20210121-00:32:43.335] thr=22  paramiko.transport: Secsh channel 0 opened.
DEB [20210121-00:32:43.366] thr=22  paramiko.transport: [chan 0] Sesch channel 0 request ok
DEB [20210121-00:32:43.382] thr=22  paramiko.transport: [chan 0] Sesch channel 0 request ok
DEB [20210121-00:32:43.748] thr=22  paramiko.transport: EOF in transport thread
DEB [20210121-00:33:05.178] thr=23  paramiko.transport: starting thread (client mode): 0x86447208
DEB [20210121-00:33:05.352] thr=23  paramiko.transport: Local version/idstring: SSH-2.0-paramiko_2.7.1
DEB [20210121-00:33:05.359] thr=23  paramiko.transport: Remote version/idstring: SSH-1.99-Cisco-1.25
INF [20210121-00:33:05.508] thr=23  paramiko.transport: Connected (version 1.99, client Cisco-1.25)
DEB [20210121-00:33:06.024] thr=23  paramiko.transport: kex algos:['diffie-hellman-group-exchange-sha1', 'diffie-hellman-group14-sha1', 'diffie-hellman-group1-sha1'] server key:['ssh-rsa'] client encrypt:['aes128-cbc', '3des-cbc', 'aes192-cbc', 'aes256-cbc'] server encrypt:['aes128-cbc', '3des-cbc', 'aes192-cbc', 'aes256-cbc'] client mac:['hmac-sha1', 'hmac-sha1-96', 'hmac-md5', 'hmac-md5-96'] server mac:['hmac-sha1', 'hmac-sha1-96', 'hmac-md5', 'hmac-md5-96'] client compress:['none'] server compress:['none'] client lang:[''] server lang:[''] kex follows?False
DEB [20210121-00:33:06.034] thr=23  paramiko.transport: Kex agreed: diffie-hellman-group-exchange-sha1
DEB [20210121-00:33:06.045] thr=23  paramiko.transport: HostKey agreed: ssh-rsa
DEB [20210121-00:33:06.121] thr=23  paramiko.transport: Cipher agreed: aes128-cbc
DEB [20210121-00:33:06.126] thr=23  paramiko.transport: MAC agreed: hmac-sha1
DEB [20210121-00:33:06.130] thr=23  paramiko.transport: Compression agreed: none
DEB [20210121-00:33:06.247] thr=23  paramiko.transport: Got server p (2048 bits)
DEB [20210121-00:33:07.370] thr=23  paramiko.transport: kex engine KexGex specified hash_algo <built-in function openssl_sha1>
DEB [20210121-00:33:07.410] thr=23  paramiko.transport: Switch to new keys ...
DEB [20210121-00:33:07.490] thr=2   paramiko.transport: Adding ssh-rsa host key for 172.19.1.251: b'5288b4eb6c8c5af0122644fa9a72387f'
DEB [20210121-00:33:07.589] thr=23  paramiko.transport: userauth is OK
INF [20210121-00:33:07.622] thr=23  paramiko.transport: Authentication (password) successful!
DEB [20210121-00:33:07.792] thr=2   paramiko.transport: [chan 0] Max packet in: 32768 bytes
DEB [20210121-00:33:07.989] thr=23  paramiko.transport: [chan 0] Max packet out: 4096 bytes
DEB [20210121-00:33:07.998] thr=23  paramiko.transport: Secsh channel 0 opened.
DEB [20210121-00:33:08.064] thr=23  paramiko.transport: [chan 0] Sesch channel 0 request ok
DEB [20210121-00:33:08.085] thr=23  paramiko.transport: [chan 0] Sesch channel 0 request ok
DEB [20210121-00:33:08.228] thr=23  paramiko.transport: EOF in transport thread
2021-01-21 00:33:29.422930 : Unable to connected to the following hosts on port 22:172.19.1.25
